mktextfm simsun/OT
mktextfm simsun/OT
mktextfm simsun/OT
mktextfm simsun/BI/OT
mktextfm simsun/OT
mktextfm simsun/B/OT
mktextfm simsun/OT
mktextfm simsun/I/OT
mktextfm simsun/OT
mktextfm simsun/OT
mktextfm SimSun/OT
mktextfm SimSun/OT
mktextfm SimSun/OT
mktextfm SimSun/BI/OT
mktextfm SimSun/OT
mktextfm SimSun/B/OT
mktextfm SimSun/OT
mktextfm SimSun/I/OT
mktextfm SimSun/OT
mktextfm SimSun/OT
mktextfm KaiTi/OT
mktextfm KaiTi/OT
mktextfm KaiTi/OT
mktextfm KaiTi/BI/OT
mktextfm KaiTi/OT
mktextfm KaiTi/B/OT
mktextfm KaiTi/OT
mktextfm KaiTi/I/OT
mktextfm KaiTi/OT
mktextfm KaiTi/OT
mktextfm KaiTi/OT
mktextfm KaiTi/OT
mktextfm KaiTi/OT
mktextfm KaiTi/BI/OT
mktextfm KaiTi/OT
mktextfm KaiTi/B/OT
mktextfm KaiTi/OT
mktextfm KaiTi/I/OT
mktextfm KaiTi/OT
mktextfm KaiTi/OT
mktextfm NotoSansCJK-Bold/OT
mktextfm NotoSansCJK-Bold/OT
mktextfm NotoSansCJK-Bold/OT
mktextfm NotoSansCJK-Bold/BI/OT
mktextfm NotoSansCJK-Bold/OT
mktextfm NotoSansCJK-Bold/B/OT
mktextfm NotoSansCJK-Bold/OT
mktextfm NotoSansCJK-Bold/I/OT
mktextfm NotoSansCJK-Bold/OT
mktextfm NotoSansCJK-Bold/OT
mktextfm ukai/OT
mktextfm ukai/OT
mktextfm ukai/OT
mktextfm ukai/BI/OT
mktextfm ukai/OT
mktextfm ukai/B/OT
mktextfm ukai/OT
mktextfm ukai/I/OT
mktextfm ukai/OT
mktextfm ukai/OT
mktextfm SimHei/OT
mktextfm SimHei/OT
mktextfm SimHei/OT
mktextfm SimHei/BI/OT
mktextfm SimHei/OT
mktextfm SimHei/B/OT
mktextfm SimHei/OT
mktextfm SimHei/I/OT
mktextfm SimHei/OT
mktextfm SimHei/OT
mktextfm wqy-microhei/OT
mktextfm wqy-microhei/OT
mktextfm wqy-microhei/OT
mktextfm wqy-microhei/BI/OT
mktextfm wqy-microhei/OT
mktextfm wqy-microhei/B/OT
mktextfm wqy-microhei/OT
mktextfm wqy-microhei/I/OT
mktextfm wqy-microhei/OT
mktextfm wqy-microhei/OT
